Flutter crash report.
Please report a bug at https://github.com/flutter/flutter/issues.

## command

flutter run -d chrome --web-renderer html

## exception

StateError: Bad state: Future already completed

```
#0      _AsyncCompleter.complete (dart:async/future_impl.dart:35:31)
#1      ChromeProxyService.createIsolate.<anonymous closure> (package:dwds/src/services/chrome_proxy_service.dart:260:25)
<asynchronous suspension>
```

## flutter doctor

```
[32m[✓][39m Flutter (Channel master, 3.6.0-6.0.pre.31, on Microsoft Windows [Version 10.0.22000.1098], locale en-IN)
    [32m•[39m Flutter version 3.6.0-6.0.pre.31 on channel master at C:\Program Files\flutter
    [32m•[39m Upstream repository https://github.com/flutter/flutter.git
    [32m•[39m Framework revision d9fb0dd8c6 (10 days ago), 2022-11-21 03:21:59 -0500
    [32m•[39m Engine revision 18a5b35960
    [32m•[39m Dart version 2.19.0 (build 2.19.0-406.0.dev)
    [32m•[39m DevTools version 2.19.0

[32m[✓][39m Windows Version (Installed version of Windows is version 10 or higher)

[32m[✓][39m Android toolchain - develop for Android devices (Android SDK version 33.0.0)
    [32m•[39m Android SDK at C:\Users\rohan\AppData\Local\Android\sdk
    [32m•[39m Platform android-33, build-tools 33.0.0
    [32m•[39m Java binary at: C:\Program Files\Android\Android Studio\jre\bin\java
    [32m•[39m Java version OpenJDK Runtime Environment (build 11.0.13+0-b1751.21-8125866)
    [32m•[39m All Android licenses accepted.

[32m[✓][39m Chrome - develop for the web
    [32m•[39m Chrome at C:\Program Files\Google\Chrome\Application\chrome.exe

[31m[✗][39m Visual Studio - develop for Windows
    [31m✗[39m Visual Studio not installed; this is necessary for Windows development.
      Download at https://visualstudio.microsoft.com/downloads/.
      Please install the "Desktop development with C++" workload, including all of its default components

[32m[✓][39m Android Studio (version 2021.3)
    [32m•[39m Android Studio at C:\Program Files\Android\Android Studio
    [32m•[39m Flutter plugin can be installed from:
      🔨 https://plugins.jetbrains.com/plugin/9212-flutter
    [32m•[39m Dart plugin can be installed from:
      🔨 https://plugins.jetbrains.com/plugin/6351-dart
    [32m•[39m Java version OpenJDK Runtime Environment (build 11.0.13+0-b1751.21-8125866)

[32m[✓][39m VS Code (version 1.73.1)
    [32m•[39m VS Code at C:\Users\rohan\AppData\Local\Programs\Microsoft VS Code
    [32m•[39m Flutter extension version 3.54.0

[32m[✓][39m Connected device (3 available)
    [32m•[39m Windows (desktop) • windows • windows-x64    • Microsoft Windows [Version 10.0.22000.1098]
    [32m•[39m Chrome (web)      • chrome  • web-javascript • Google Chrome 107.0.5304.122
    [32m•[39m Edge (web)        • edge    • web-javascript • Microsoft Edge 107.0.1418.62

[32m[✓][39m HTTP Host Availability
    [32m•[39m All required HTTP hosts are available

[33m![39m Doctor found issues in 1 category.
```
